~~~ BEGIN ~~~

Date/Time: 26-11-2020_19:30:19

Creating updated CSV file...

Getting EAN ...

Fetched:
Name:		Metro Chef Milanese Smoked Sausage Top Grade 320g
EAN:		04823036504092
Price:		96.90
InStock:	true

Saving to updated.csv... 
Done!

~~~~~

Getting EAN 04823036504092...

Fetched:
Name:		Alan Nevskyi Sausages Boiled 1st Grade
EAN:		metro28298300000000
Price:		184.90
InStock:	true

Saving to updated.csv... 
Done!

~~~~~

Getting EAN metro28298300000000...

Fetched:
Name:		Globino Myslyvsʹka boiled-smoked pork sausage 460g
EAN:		04820112651206
Price:		53.90
InStock:	true

Saving to updated.csv... 
Done!

~~~~~

Getting EAN 04820112651206...

Fetched:
Name:		Globino Banqueting semi-smoked salami sausage 460g
EAN:		04820112651282
Price:		49.90
InStock:	true

Saving to updated.csv... 
Done!

~~~~~

Getting EAN 04820112651282...

Fetched:
Name:		Globino Finska semi-smoked pork sausage 460g
EAN:		04820112651251
Price:		49.90
InStock:	true

Saving to updated.csv... 
Done!

~~~~~

Getting EAN 04820112651251...

Fetched:
Name:		Globino Starokyyivsʹka raw smoked sausage 270g
EAN:		04820112650766
Price:		63.90
InStock:	true

Saving to updated.csv... 
Done!

~~~~~

Getting EAN 04820112650766...

Fetched:
Name:		Lavr Yeherski Sausages Semi-smoked from Organic Materials 250g
EAN:		04820207700604
Price:		72.90
InStock:	true

Saving to updated.csv... 
Done!

~~~~~

Getting EAN 04820207700604...

Fetched:
Name:		Lavr Beef Semi-smoked Sausage from Organic Materials 250g
EAN:		04820207700666
Price:		69.90
InStock:	true

Saving to updated.csv... 
Done!

~~~~~

Getting EAN 04820207700666...

Fetched:
Name:		Meat Guild Sausage Servelat cooked smoked 450g
EAN:		04823079001817
Price:		94.90
InStock:	true

Saving to updated.csv... 
Done!

~~~~~

Getting EAN 04823079001817...

Fetched:
Name:		Myasna Gildiya President Raw-Smoked Sausage 340g
EAN:		04823079002043
Price:		74.90
InStock:	true

Saving to updated.csv... 
Done!

~~~~~

Getting EAN 04823079002043...

Fetched:
Name:		Myasna gildiya Bavarsʹka semi-smoked sausage 450g
EAN:		04823079002500
Price:		63.90
InStock:	true

Saving to updated.csv... 
Done!

~~~~~

Getting EAN 04823079002500...

Fetched:
Name:		Rancho Doctorskaya Sausage first grade
EAN:		metro28151500000000
Price:		86.90
InStock:	true

Saving to updated.csv... 
Done!

~~~~~

Getting EAN metro28151500000000...

Fetched:
Name:		Rancho Na drovakh beef semi-smoked Sausage 400g
EAN:		04823079001954
Price:		47.90
InStock:	true

Saving to updated.csv... 
Done!

~~~~~

Getting EAN 04823079001954...

Fetched:
Name:		Rancho raw smoked poultry sausage 340g
EAN:		04823079002159
Price:		74.90
InStock:	true

Saving to updated.csv... 
Done!

~~~~~

Getting EAN 04823079002159...

Fetched:
Name:		Yuvileyniy Cervelat smoked-boiled sausage 330g
EAN:		04823022605314
Price:		89.90
InStock:	true

Saving to updated.csv... 
Done!

~~~~~

Getting EAN 04823022605314...

Fetched:
Name:		Harmash grand-fillet raw cured sausage 320g
EAN:		04820084980137
Price:		109.90
InStock:	true

Saving to updated.csv... 
Done!

~~~~~

Getting EAN 04820084980137...

Fetched:
Name:		Harmash Moscowska raw smoked sausage 320g
EAN:		04820084980120
Price:		80.90
InStock:	true

Saving to updated.csv... 
Done!

~~~~~

Getting EAN 04820084980120...

Fetched:
Name:		Myasnyashki Sausage boiled first grade
EAN:		metro28152800000000
Price:		123.90
InStock:	true

Saving to updated.csv... 
Done!

~~~~~

Getting EAN metro28152800000000...

Fetched:
Name:		Doctorskaya Sausage first grade
EAN:		metro28152700000000
Price:		124.90
InStock:	true

Saving to updated.csv... 
Done!

~~~~~

Getting EAN metro28152700000000...

Fetched:
Name:		Tuc with sausages salt cracker 100g
EAN:		07622210707727
Price:		14.90
InStock:	true

Saving to updated.csv... 
Done!

~~~~~

Getting EAN 07622210707727...

Fetched:
Name:		Yatran chilled beef sausage
EAN:		metro28102600000000
Price:		93.50
InStock:	true

Saving to updated.csv... 
Done!

~~~~~

Getting EAN metro28102600000000...

Fetched:
Name:		Firmova Sausage Boiled
EAN:		metro28292400000000
Price:		180.90
InStock:	true

Saving to updated.csv... 
Done!

~~~~~

Getting EAN metro28292400000000...

Fetched:
Name:		Biovela Yuvileyna Sausage Raw Premium 200g
EAN:		04770081165566
Price:		141.90
InStock:	true

Saving to updated.csv... 
Done!

~~~~~

Getting EAN 04770081165566...

Fetched:
Name:		Biovela Bernu Raw-Cured Sausage 200g
EAN:		04770081165542
Price:		133.90
InStock:	true

Saving to updated.csv... 
Done!

~~~~~

Getting EAN 04770081165542...

Fetched:
Name:		Elpozo Fuet Spanish extra raw-cured sausage 170g
EAN:		08410843003984
Price:		99.90
InStock:	true

Saving to updated.csv... 
Done!

~~~~~

Getting EAN 08410843003984...

Fetched:
Name:		Elpozo Chorizo Pikant raw-cured mold sausage 200g
EAN:		08410843116578
Price:		82.50
InStock:	true

Saving to updated.csv... 
Done!

~~~~~

Getting EAN 08410843116578...

Fetched:
Name:		Elpozo Chorizo Doux mild raw-cured sausage 200g
EAN:		08410843116561
Price:		82.50
InStock:	true

Saving to updated.csv... 
Done!

~~~~~

Getting EAN 08410843116561...

Fetched:
Name:		Elpozo Chorizo Fort extra Pikant raw-cured mold sausage 200g
EAN:		08410843116585
Price:		82.50
InStock:	true

Saving to updated.csv... 
Done!

~~~~~

Getting EAN 08410843116585...

Fetched:
Name:		Elpozo Fuet Raw-Cured Sausage 170g
EAN:		08410843079613
Price:		99.90
InStock:	true

Saving to updated.csv... 
Done!

~~~~~

Getting EAN 08410843079613...

Fetched:
Name:		Elpozo Fuet Casero raw-cured turkey with white mold sausage 150g
EAN:		08410843102526
Price:		79.90
InStock:	true

Saving to updated.csv... 
Done!

~~~~~

Task finished!
Script was running for 11 seconds!

~~~ END ~~~
